<?xml version="1.0" encoding="UTF-8"?>
<!-- Generated by org.testng.reporters.JUnitXMLReporter -->
<testsuite ignored="0" hostname="CHITRA-PC" failures="0" tests="7" name="fashion" time="52.601" errors="0" timestamp="2024-03-13T14:39:32 IST">
  <testcase classname="testNGExecution.Instagram" name="browserOpen" time="21.821"/>
  <testcase classname="testNGExecution.SteamGames" name="browserOpen" time="22.316"/>
  <testcase classname="testNGExecution.Nykaa" name="browserOpen" time="36.541"/>
  <testcase classname="testNGExecution.Gmail" name="browserOpen" time="37.802"/>
  <testcase classname="testNGExecution.Pacogames" name="browserOpen" time="17.364"/>
  <testcase classname="testNGExecution.Twitter" name="browserOpen" time="40.675"/>
  <testcase classname="testNGExecution.PokiGames" name="browserOpen" time="30.74"/>
</testsuite> <!-- fashion -->
