<?xml version="1.0" encoding="UTF-8"?>
<!-- Generated by org.testng.reporters.JUnitXMLReporter -->
<testsuite ignored="0" hostname="CHITRA-PC" failures="0" tests="7" name="Games" time="32.199" errors="0" timestamp="2024-03-13T14:40:04 IST">
  <testcase classname="testNGExecution.CrazyGames" name="browserOpen" time="19.557"/>
  <testcase classname="testNGExecution.Facebook" name="browserOpen" time="22.183"/>
  <testcase classname="testNGExecution.Flipkart" name="browserOpen" time="22.747"/>
  <testcase classname="testNGExecution.WhatsApp" name="browserOpen" time="22.915"/>
  <testcase classname="testNGExecution.LauncherGames" name="browserOpen" time="23.116"/>
  <testcase classname="testNGExecution.Meesho" name="browserOpen" time="10.845"/>
  <testcase classname="testNGExecution.Chess" name="browserOpen" time="10.006"/>
</testsuite> <!-- Games -->
