<?xml version="1.0" encoding="UTF-8"?>
<!-- Generated by org.testng.reporters.JUnitXMLReporter -->
<testsuite ignored="0" hostname="CHITRA-PC" failures="0" tests="7" name="Test1" time="74.688" errors="0" timestamp="2024-03-13T13:36:04 IST">
  <testcase classname="testNGExecution.Twitter" name="browserOpen" time="24.369"/>
  <testcase classname="testNGExecution.Instagram" name="browserOpen" time="24.527"/>
  <testcase classname="testNGExecution.Nykaa" name="browserOpen" time="57.616"/>
  <testcase classname="testNGExecution.SteamGames" name="browserOpen" time="57.907"/>
  <testcase classname="testNGExecution.PokiGames" name="browserOpen" time="35.803"/>
  <testcase classname="testNGExecution.Gmail" name="browserOpen" time="60.275"/>
  <testcase classname="testNGExecution.Pacogames" name="browserOpen" time="50.123"/>
</testsuite> <!-- Test1 -->
