<?xml version="1.0" encoding="UTF-8"?>
<!-- Generated by org.testng.reporters.JUnitXMLReporter -->
<testsuite ignored="0" hostname="CHITRA-PC" failures="0" tests="7" name="Test2" time="32.277" errors="0" timestamp="2024-03-13T13:36:36 IST">
  <testcase classname="testNGExecution.Flipkart" name="browserOpen" time="20.917"/>
  <testcase classname="testNGExecution.Facebook" name="browserOpen" time="21.028"/>
  <testcase classname="testNGExecution.WhatsApp" name="browserOpen" time="21.116"/>
  <testcase classname="testNGExecution.LauncherGames" name="browserOpen" time="26.056"/>
  <testcase classname="testNGExecution.CrazyGames" name="browserOpen" time="26.792"/>
  <testcase classname="testNGExecution.Chess" name="browserOpen" time="10.878"/>
  <testcase classname="testNGExecution.Meesho" name="browserOpen" time="11.354"/>
</testsuite> <!-- Test2 -->
